
> api@1.5.0 start:dev
> nest start --watch

node:internal/modules/package_json_reader:110
  const parsed = modulesBinding.readPackageJSON(
                                ^

Error: Invalid package config /Users/Lucas-Lenovo/Documents/Documentos/Portal dos Eletricistas/node_modules/ajv-formats/node_modules/ajv/package.json.
    at Object.read (node:internal/modules/package_json_reader:110:33)
    at _readPackage (node:internal/modules/cjs/loader:477:55)
    at resolveExports (node:internal/modules/cjs/loader:653:15)
    at Function._findPath (node:internal/modules/cjs/loader:749:31)
    at Function._resolveFilename (node:internal/modules/cjs/loader:1387:27)
    at defaultResolveImpl (node:internal/modules/cjs/loader:1057:19)
    at resolveForCJSWithHooks (node:internal/modules/cjs/loader:1062:22)
    at Function._load (node:internal/modules/cjs/loader:1211:37)
    at TracingChannel.traceSync (node:diagnostics_channel:322:14)
    at wrapModuleLoad (node:internal/modules/cjs/loader:235:24) {
  code: 'ERR_INVALID_PACKAGE_CONFIG'
}

Node.js v22.16.0
npm error Lifecycle script `start:dev` failed with error:
npm error code 1
npm error path /Users/Lucas-Lenovo/Documents/Documentos/Portal dos Eletricistas/apps/api
npm error workspace api@1.5.0
npm error location /Users/Lucas-Lenovo/Documents/Documentos/Portal dos Eletricistas/apps/api
npm error command failed
npm error command sh -c nest start --watch
